Using pre-set license
Built from '2020.3/staging' branch; Version is '2020.3.8f1 (507919d4fff5) revision 5273881'; Using compiler version '192528614'; Build Type 'Release'
OS: 'Windows 10 Home; OS build 19044.1645; Version 2009; 64bit' Language: 'en' Physical Memory: 16150 MB
BatchMode: 1, IsHumanControllingUs: 0, StartBugReporterOnCrash: 0, Is64bit: 1, IsPro: 0

 COMMAND LINE ARGUMENTS:
C:\Program Files\Unity\Hub\Editor\2020.3.8f1\Editor\Unity.exe
-adb2
-batchMode
-noUpm
-name
AssetImportWorker0
-projectPath
C:/Users/user/OneDrive/Desktop/projects/Unity projects/MazescapeRepo/Mazescape
-logFile
Logs/AssetImportWorker0.log
-srvPort
52061
Successfully changed project path to: C:/Users/user/OneDrive/Desktop/projects/Unity projects/MazescapeRepo/Mazescape
C:/Users/user/OneDrive/Desktop/projects/Unity projects/MazescapeRepo/Mazescape
Using Asset Import Pipeline V2.
Refreshing native plugins compatible for Editor in 26.08 ms, found 0 plugins.
Preloading 0 native plugins for Editor in 0.00 ms.
Initialize engine version: 2020.3.8f1 (507919d4fff5)
[Subsystems] Discovering subsystems at path C:/Program Files/Unity/Hub/Editor/2020.3.8f1/Editor/Data/Resources/UnitySubsystems
[Subsystems] Discovering subsystems at path C:/Users/user/OneDrive/Desktop/projects/Unity projects/MazescapeRepo/Mazescape/Assets
GfxDevice: creating device client; threaded=0
Direct3D:
    Version:  Direct3D 11.0 [level 11.1]
    Renderer: NVIDIA GeForce GTX 1660 Ti (ID=0x2191)
    Vendor:   
    VRAM:     5991 MB
    Driver:   30.0.14.9733
Initialize mono
Mono path[0] = 'C:/Program Files/Unity/Hub/Editor/2020.3.8f1/Editor/Data/Managed'
Mono path[1] = 'C:/Program Files/Unity/Hub/Editor/2020.3.8f1/Editor/Data/MonoBleedingEdge/lib/mono/unityjit'
Mono config path = 'C:/Program Files/Unity/Hub/Editor/2020.3.8f1/Editor/Data/MonoBleedingEdge/etc'
Using monoOptions --debugger-agent=transport=dt_socket,embedding=1,server=y,suspend=n,address=127.0.0.1:56736
Begin MonoManager ReloadAssembly
Registering precompiled unity dll's ...
Register platform support module: C:/Program Files/Unity/Hub/Editor/2020.3.8f1/Editor/Data/PlaybackEngines/WebGLSupport/UnityEditor.WebGL.Extensions.dll
Register platform support module: C:/Program Files/Unity/Hub/Editor/2020.3.8f1/Editor/Data/PlaybackEngines/WindowsStandaloneSupport/UnityEditor.WindowsStandalone.Extensions.dll
Registered in 0.002574 seconds.
Native extension for WindowsStandalone target not found
Native extension for WebGL target not found
Refreshing native plugins compatible for Editor in 24.90 ms, found 0 plugins.
Preloading 0 native plugins for Editor in 0.00 ms.
Mono: successfully reloaded assembly
- Completed reload, in  1.654 seconds
Platform modules already initialized, skipping
Registering precompiled user dll's ...
Registered in 0.000808 seconds.
Begin MonoManager ReloadAssembly
Native extension for WindowsStandalone target not found
Native extension for WebGL target not found
Refreshing native plugins compatible for Editor in 0.19 ms, found 0 plugins.
Preloading 0 native plugins for Editor in 0.00 ms.
Mono: successfully reloaded assembly
- Completed reload, in  1.029 seconds
Platform modules already initialized, skipping
========================================================================
Worker process is ready to serve import requests
Launched and connected shader compiler UnityShaderCompiler.exe after 0.03 seconds
Refreshing native plugins compatible for Editor in 0.25 ms, found 0 plugins.
Preloading 0 native plugins for Editor in 0.00 ms.
Unloading 1120 Unused Serialized files (Serialized files now loaded: 0)
System memory in use before: 57.7 MB.
System memory in use after: 57.7 MB.

Unloading 10 unused Assets to reduce memory usage. Loaded Objects now: 1562.
Total: 1.811300 ms (FindLiveObjects: 0.196700 ms CreateObjectMapping: 0.072700 ms MarkObjects: 1.466700 ms  DeleteObjects: 0.071900 ms)

========================================================================
Received Import Request.
  path: Assets/Scripts/Ghost.cs
  artifactKey: Guid(dfceb56a595dfd649892aa8f4171a097) Importer(815301076,1909f56bfc062723c751e8b465ee728b)
Start importing Assets/Scripts/Ghost.cs using Guid(dfceb56a595dfd649892aa8f4171a097) Importer(815301076,1909f56bfc062723c751e8b465ee728b)  -> (artifact id: 'c03bc43f39bc0254abca93c558017ed1') in 0.027658 seconds
  Import took 0.029336 seconds .

========================================================================
Received Prepare
Registering precompiled user dll's ...
Registered in 0.000576 seconds.
Begin MonoManager ReloadAssembly
Native extension for WindowsStandalone target not found
Native extension for WebGL target not found
Refreshing native plugins compatible for Editor in 0.18 ms, found 0 plugins.
Preloading 0 native plugins for Editor in 0.00 ms.
Mono: successfully reloaded assembly
- Completed reload, in  0.658 seconds
Platform modules already initialized, skipping
Refreshing native plugins compatible for Editor in 0.18 ms, found 0 plugins.
Preloading 0 native plugins for Editor in 0.00 ms.
Unloading 1115 Unused Serialized files (Serialized files now loaded: 0)
System memory in use before: 57.6 MB.
System memory in use after: 57.7 MB.

Unloading 5 unused Assets to reduce memory usage. Loaded Objects now: 1565.
Total: 1.231600 ms (FindLiveObjects: 0.101400 ms CreateObjectMapping: 0.029200 ms MarkObjects: 1.065700 ms  DeleteObjects: 0.034600 ms)

========================================================================
Received Import Request.
  Time since last request: 399.347108 seconds.
  path: Assets/Scripts/Ghost.cs
  artifactKey: Guid(dfceb56a595dfd649892aa8f4171a097) Importer(815301076,1909f56bfc062723c751e8b465ee728b)
Start importing Assets/Scripts/Ghost.cs using Guid(dfceb56a595dfd649892aa8f4171a097) Importer(815301076,1909f56bfc062723c751e8b465ee728b)  -> (artifact id: '361ae83812df01c68e20702a7e62808a') in 0.003422 seconds
  Import took 0.004851 seconds .

========================================================================
Received Import Request.
  Time since last request: 30.528064 seconds.
  path: Assets/resources/Prefabs/PlayerBodies/Ghost.prefab
  artifactKey: Guid(0d22bd665307b784b8f4c05e81117a68) Importer(815301076,1909f56bfc062723c751e8b465ee728b)
Start importing Assets/resources/Prefabs/PlayerBodies/Ghost.prefab using Guid(0d22bd665307b784b8f4c05e81117a68) Importer(815301076,1909f56bfc062723c751e8b465ee728b)  -> (artifact id: 'd8381a4388e997f537e44dfb013dbaeb') in 0.086920 seconds
  Import took 0.088914 seconds .

========================================================================
Received Import Request.
  Time since last request: 13.677735 seconds.
  path: Assets/resources/Prefabs/PlayerBodies/Ghost.prefab
  artifactKey: Guid(0d22bd665307b784b8f4c05e81117a68) Importer(815301076,1909f56bfc062723c751e8b465ee728b)
Start importing Assets/resources/Prefabs/PlayerBodies/Ghost.prefab using Guid(0d22bd665307b784b8f4c05e81117a68) Importer(815301076,1909f56bfc062723c751e8b465ee728b)  -> (artifact id: '30a109f405d9c4685f2ae5652580c964') in 0.007999 seconds
  Import took 0.010784 seconds .

========================================================================
Received Import Request.
  Time since last request: 32.740291 seconds.
  path: Assets/resources/Prefabs/PlayerBodies/GhostBody.prefab
  artifactKey: Guid(0d22bd665307b784b8f4c05e81117a68) Importer(815301076,1909f56bfc062723c751e8b465ee728b)
Start importing Assets/resources/Prefabs/PlayerBodies/GhostBody.prefab using Guid(0d22bd665307b784b8f4c05e81117a68) Importer(815301076,1909f56bfc062723c751e8b465ee728b)  -> (artifact id: '52f0398a2413b3d1886e615b8d47d1e2') in 0.012388 seconds
  Import took 0.014175 seconds .

========================================================================
Received Prepare
Registering precompiled user dll's ...
Registered in 0.000637 seconds.
Begin MonoManager ReloadAssembly
Native extension for WindowsStandalone target not found
Native extension for WebGL target not found
Refreshing native plugins compatible for Editor in 0.26 ms, found 0 plugins.
Preloading 0 native plugins for Editor in 0.00 ms.
Mono: successfully reloaded assembly
- Completed reload, in  0.652 seconds
Platform modules already initialized, skipping
Refreshing native plugins compatible for Editor in 0.17 ms, found 0 plugins.
Preloading 0 native plugins for Editor in 0.00 ms.
Unloading 1115 Unused Serialized files (Serialized files now loaded: 0)
System memory in use before: 60.8 MB.
System memory in use after: 60.8 MB.

Unloading 6 unused Assets to reduce memory usage. Loaded Objects now: 1576.
Total: 1.238200 ms (FindLiveObjects: 0.102000 ms CreateObjectMapping: 0.030900 ms MarkObjects: 1.068400 ms  DeleteObjects: 0.036300 ms)

========================================================================
Received Prepare
Registering precompiled user dll's ...
Registered in 0.000713 seconds.
Begin MonoManager ReloadAssembly
Native extension for WindowsStandalone target not found
Native extension for WebGL target not found
Refreshing native plugins compatible for Editor in 0.18 ms, found 0 plugins.
Preloading 0 native plugins for Editor in 0.00 ms.
Mono: successfully reloaded assembly
- Completed reload, in  0.635 seconds
Platform modules already initialized, skipping
Refreshing native plugins compatible for Editor in 0.17 ms, found 0 plugins.
Preloading 0 native plugins for Editor in 0.00 ms.
Unloading 1115 Unused Serialized files (Serialized files now loaded: 0)
System memory in use before: 60.8 MB.
System memory in use after: 60.9 MB.

Unloading 5 unused Assets to reduce memory usage. Loaded Objects now: 1579.
Total: 1.348600 ms (FindLiveObjects: 0.102100 ms CreateObjectMapping: 0.029200 ms MarkObjects: 1.181500 ms  DeleteObjects: 0.035100 ms)

========================================================================
Received Import Request.
  Time since last request: 73.706617 seconds.
  path: Assets/resources/Prefabs/PlayerBodies/GhostBody.prefab
  artifactKey: Guid(0d22bd665307b784b8f4c05e81117a68) Importer(815301076,1909f56bfc062723c751e8b465ee728b)
Start importing Assets/resources/Prefabs/PlayerBodies/GhostBody.prefab using Guid(0d22bd665307b784b8f4c05e81117a68) Importer(815301076,1909f56bfc062723c751e8b465ee728b)  -> (artifact id: '7a2a67c6a0b6ab558e8be36d9458544b') in 0.047977 seconds
  Import took 0.049691 seconds .

========================================================================
Received Prepare
Registering precompiled user dll's ...
Registered in 0.000693 seconds.
Begin MonoManager ReloadAssembly
Native extension for WindowsStandalone target not found
Native extension for WebGL target not found
Refreshing native plugins compatible for Editor in 0.17 ms, found 0 plugins.
Preloading 0 native plugins for Editor in 0.00 ms.
Mono: successfully reloaded assembly
- Completed reload, in  0.633 seconds
Platform modules already initialized, skipping
Refreshing native plugins compatible for Editor in 0.17 ms, found 0 plugins.
Preloading 0 native plugins for Editor in 0.00 ms.
Unloading 1115 Unused Serialized files (Serialized files now loaded: 0)
System memory in use before: 60.8 MB.
System memory in use after: 60.9 MB.

Unloading 6 unused Assets to reduce memory usage. Loaded Objects now: 1583.
Total: 1.575400 ms (FindLiveObjects: 0.104600 ms CreateObjectMapping: 0.029700 ms MarkObjects: 1.399800 ms  DeleteObjects: 0.040700 ms)

========================================================================
Received Import Request.
  Time since last request: 76.161736 seconds.
  path: Assets/resources/Prefabs/PlayerBodies/GhostBody.prefab
  artifactKey: Guid(0d22bd665307b784b8f4c05e81117a68) Importer(815301076,1909f56bfc062723c751e8b465ee728b)
Start importing Assets/resources/Prefabs/PlayerBodies/GhostBody.prefab using Guid(0d22bd665307b784b8f4c05e81117a68) Importer(815301076,1909f56bfc062723c751e8b465ee728b)  -> (artifact id: 'aba97944bf09834016c3dc5464eaa752') in 0.048922 seconds
  Import took 0.050944 seconds .

========================================================================
Received Import Request.
  Time since last request: 2.963778 seconds.
  path: Assets/resources/Prefabs/PlayerBodies/GhostBody.prefab
  artifactKey: Guid(0d22bd665307b784b8f4c05e81117a68) Importer(815301076,1909f56bfc062723c751e8b465ee728b)
Start importing Assets/resources/Prefabs/PlayerBodies/GhostBody.prefab using Guid(0d22bd665307b784b8f4c05e81117a68) Importer(815301076,1909f56bfc062723c751e8b465ee728b)  -> (artifact id: '55ca96d1f1f2ef36cc3142e48361b803') in 0.009824 seconds
  Import took 0.011956 seconds .

========================================================================
Received Import Request.
  Time since last request: 0.005930 seconds.
  path: Assets/resources/Prefabs/PlayerBodies/GhostBody.prefab
  artifactKey: Guid(0d22bd665307b784b8f4c05e81117a68) Importer(815301076,1909f56bfc062723c751e8b465ee728b)
Start importing Assets/resources/Prefabs/PlayerBodies/GhostBody.prefab using Guid(0d22bd665307b784b8f4c05e81117a68) Importer(815301076,1909f56bfc062723c751e8b465ee728b)  -> (artifact id: '55ca96d1f1f2ef36cc3142e48361b803') in 0.007861 seconds
  Import took 0.009696 seconds .

========================================================================
Received Import Request.
  Time since last request: 5.146158 seconds.
  path: Assets/resources/Prefabs/PlayerBodies/GhostBody.prefab
  artifactKey: Guid(0d22bd665307b784b8f4c05e81117a68) Importer(815301076,1909f56bfc062723c751e8b465ee728b)
Start importing Assets/resources/Prefabs/PlayerBodies/GhostBody.prefab using Guid(0d22bd665307b784b8f4c05e81117a68) Importer(815301076,1909f56bfc062723c751e8b465ee728b)  -> (artifact id: '6d854febdbbf3f60198d77112bb31f2c') in 0.012724 seconds
  Import took 0.014673 seconds .

========================================================================
Received Import Request.
  Time since last request: 9.999287 seconds.
  path: Assets/resources/Prefabs/PlayerBodies/GhostBody.prefab
  artifactKey: Guid(0d22bd665307b784b8f4c05e81117a68) Importer(815301076,1909f56bfc062723c751e8b465ee728b)
Start importing Assets/resources/Prefabs/PlayerBodies/GhostBody.prefab using Guid(0d22bd665307b784b8f4c05e81117a68) Importer(815301076,1909f56bfc062723c751e8b465ee728b)  -> (artifact id: '3c9a1607c26a53db664ec211159c6fb2') in 0.017243 seconds
  Import took 0.019253 seconds .

========================================================================
Received Prepare
Registering precompiled user dll's ...
Registered in 0.000539 seconds.
Begin MonoManager ReloadAssembly
Native extension for WindowsStandalone target not found
Native extension for WebGL target not found
Refreshing native plugins compatible for Editor in 0.31 ms, found 0 plugins.
Preloading 0 native plugins for Editor in 0.00 ms.
Mono: successfully reloaded assembly
- Completed reload, in  0.676 seconds
Platform modules already initialized, skipping
Refreshing native plugins compatible for Editor in 0.18 ms, found 0 plugins.
Preloading 0 native plugins for Editor in 0.00 ms.
Unloading 1115 Unused Serialized files (Serialized files now loaded: 0)
System memory in use before: 60.8 MB.
System memory in use after: 60.9 MB.

Unloading 6 unused Assets to reduce memory usage. Loaded Objects now: 1587.
Total: 1.273600 ms (FindLiveObjects: 0.112200 ms CreateObjectMapping: 0.030700 ms MarkObjects: 1.091200 ms  DeleteObjects: 0.038800 ms)

========================================================================
Received Prepare
Registering precompiled user dll's ...
Registered in 0.000531 seconds.
Begin MonoManager ReloadAssembly
Native extension for WindowsStandalone target not found
Native extension for WebGL target not found
Refreshing native plugins compatible for Editor in 0.18 ms, found 0 plugins.
Preloading 0 native plugins for Editor in 0.00 ms.
Mono: successfully reloaded assembly
- Completed reload, in  0.657 seconds
Platform modules already initialized, skipping
Refreshing native plugins compatible for Editor in 0.17 ms, found 0 plugins.
Preloading 0 native plugins for Editor in 0.00 ms.
Unloading 1115 Unused Serialized files (Serialized files now loaded: 0)
System memory in use before: 60.8 MB.
System memory in use after: 60.9 MB.

Unloading 5 unused Assets to reduce memory usage. Loaded Objects now: 1590.
Total: 1.263000 ms (FindLiveObjects: 0.107300 ms CreateObjectMapping: 0.030600 ms MarkObjects: 1.088200 ms  DeleteObjects: 0.036300 ms)

========================================================================
Received Prepare
Registering precompiled user dll's ...
Registered in 0.000904 seconds.
Begin MonoManager ReloadAssembly
Native extension for WindowsStandalone target not found
Native extension for WebGL target not found
Refreshing native plugins compatible for Editor in 0.17 ms, found 0 plugins.
Preloading 0 native plugins for Editor in 0.00 ms.
Mono: successfully reloaded assembly
- Completed reload, in  0.672 seconds
Platform modules already initialized, skipping
Refreshing native plugins compatible for Editor in 0.18 ms, found 0 plugins.
Preloading 0 native plugins for Editor in 0.00 ms.
Unloading 1115 Unused Serialized files (Serialized files now loaded: 0)
System memory in use before: 60.8 MB.
System memory in use after: 60.9 MB.

Unloading 5 unused Assets to reduce memory usage. Loaded Objects now: 1593.
Total: 1.400100 ms (FindLiveObjects: 0.122500 ms CreateObjectMapping: 0.042500 ms MarkObjects: 1.151300 ms  DeleteObjects: 0.082900 ms)

========================================================================
Received Prepare
Registering precompiled user dll's ...
Registered in 0.000682 seconds.
Begin MonoManager ReloadAssembly
Native extension for WindowsStandalone target not found
Native extension for WebGL target not found
Refreshing native plugins compatible for Editor in 0.17 ms, found 0 plugins.
Preloading 0 native plugins for Editor in 0.00 ms.
Mono: successfully reloaded assembly
- Completed reload, in  0.632 seconds
Platform modules already initialized, skipping
Refreshing native plugins compatible for Editor in 0.17 ms, found 0 plugins.
Preloading 0 native plugins for Editor in 0.00 ms.
Unloading 1115 Unused Serialized files (Serialized files now loaded: 0)
System memory in use before: 60.8 MB.
System memory in use after: 60.9 MB.

Unloading 5 unused Assets to reduce memory usage. Loaded Objects now: 1596.
Total: 1.268800 ms (FindLiveObjects: 0.104900 ms CreateObjectMapping: 0.033400 ms MarkObjects: 1.081700 ms  DeleteObjects: 0.048100 ms)

========================================================================
Received Import Request.
  Time since last request: 283.798049 seconds.
  path: Assets/resources/Prefabs/PlayerBodies/GhostBody.prefab
  artifactKey: Guid(0d22bd665307b784b8f4c05e81117a68) Importer(815301076,1909f56bfc062723c751e8b465ee728b)
Start importing Assets/resources/Prefabs/PlayerBodies/GhostBody.prefab using Guid(0d22bd665307b784b8f4c05e81117a68) Importer(815301076,1909f56bfc062723c751e8b465ee728b)  -> (artifact id: 'ec53ce7ea9fee5b4ddb702ade0a0d5f3') in 0.044444 seconds
  Import took 0.046024 seconds .

========================================================================
Received Prepare
Registering precompiled user dll's ...
Registered in 0.000536 seconds.
Begin MonoManager ReloadAssembly
Native extension for WindowsStandalone target not found
Native extension for WebGL target not found
Refreshing native plugins compatible for Editor in 0.17 ms, found 0 plugins.
Preloading 0 native plugins for Editor in 0.00 ms.
Mono: successfully reloaded assembly
- Completed reload, in  0.645 seconds
Platform modules already initialized, skipping
Refreshing native plugins compatible for Editor in 0.18 ms, found 0 plugins.
Preloading 0 native plugins for Editor in 0.00 ms.
Unloading 1115 Unused Serialized files (Serialized files now loaded: 0)
System memory in use before: 60.9 MB.
System memory in use after: 60.9 MB.

Unloading 6 unused Assets to reduce memory usage. Loaded Objects now: 1600.
Total: 1.256600 ms (FindLiveObjects: 0.104600 ms CreateObjectMapping: 0.029800 ms MarkObjects: 1.086900 ms  DeleteObjects: 0.034800 ms)

========================================================================
Received Prepare
Registering precompiled user dll's ...
Registered in 0.000556 seconds.
Begin MonoManager ReloadAssembly
Native extension for WindowsStandalone target not found
Native extension for WebGL target not found
Refreshing native plugins compatible for Editor in 0.24 ms, found 0 plugins.
Preloading 0 native plugins for Editor in 0.00 ms.
Mono: successfully reloaded assembly
- Completed reload, in  0.655 seconds
Platform modules already initialized, skipping
Refreshing native plugins compatible for Editor in 0.17 ms, found 0 plugins.
Preloading 0 native plugins for Editor in 0.00 ms.
Unloading 1115 Unused Serialized files (Serialized files now loaded: 0)
System memory in use before: 60.9 MB.
System memory in use after: 60.9 MB.

Unloading 5 unused Assets to reduce memory usage. Loaded Objects now: 1603.
Total: 1.400100 ms (FindLiveObjects: 0.112700 ms CreateObjectMapping: 0.037400 ms MarkObjects: 1.214300 ms  DeleteObjects: 0.035000 ms)

========================================================================
Received Prepare
Registering precompiled user dll's ...
Registered in 0.000669 seconds.
Begin MonoManager ReloadAssembly
Native extension for WindowsStandalone target not found
Native extension for WebGL target not found
Refreshing native plugins compatible for Editor in 0.28 ms, found 0 plugins.
Preloading 0 native plugins for Editor in 0.00 ms.
Mono: successfully reloaded assembly
- Completed reload, in  0.670 seconds
Platform modules already initialized, skipping
Refreshing native plugins compatible for Editor in 0.17 ms, found 0 plugins.
Preloading 0 native plugins for Editor in 0.00 ms.
Unloading 1115 Unused Serialized files (Serialized files now loaded: 0)
System memory in use before: 60.9 MB.
System memory in use after: 60.9 MB.

Unloading 5 unused Assets to reduce memory usage. Loaded Objects now: 1606.
Total: 1.290500 ms (FindLiveObjects: 0.115100 ms CreateObjectMapping: 0.029800 ms MarkObjects: 1.108600 ms  DeleteObjects: 0.036300 ms)

========================================================================
Received Import Request.
  Time since last request: 173.647623 seconds.
  path: Assets/resources/Prefabs/PlayerBodies/GhostBody.prefab
  artifactKey: Guid(0d22bd665307b784b8f4c05e81117a68) Importer(815301076,1909f56bfc062723c751e8b465ee728b)
Start importing Assets/resources/Prefabs/PlayerBodies/GhostBody.prefab using Guid(0d22bd665307b784b8f4c05e81117a68) Importer(815301076,1909f56bfc062723c751e8b465ee728b)  -> (artifact id: 'dd0e0f01a1523f6c7f484d6e462f7791') in 0.045642 seconds
  Import took 0.047255 seconds .

========================================================================
Received Prepare
Registering precompiled user dll's ...
Registered in 0.000688 seconds.
Begin MonoManager ReloadAssembly
Native extension for WindowsStandalone target not found
Native extension for WebGL target not found
Refreshing native plugins compatible for Editor in 0.17 ms, found 0 plugins.
Preloading 0 native plugins for Editor in 0.00 ms.
Mono: successfully reloaded assembly
- Completed reload, in  0.654 seconds
Platform modules already initialized, skipping
Refreshing native plugins compatible for Editor in 0.33 ms, found 0 plugins.
Preloading 0 native plugins for Editor in 0.00 ms.
Unloading 1115 Unused Serialized files (Serialized files now loaded: 0)
System memory in use before: 60.9 MB.
System memory in use after: 60.9 MB.

Unloading 6 unused Assets to reduce memory usage. Loaded Objects now: 1610.
Total: 1.892200 ms (FindLiveObjects: 0.250400 ms CreateObjectMapping: 0.064900 ms MarkObjects: 1.524000 ms  DeleteObjects: 0.050500 ms)

========================================================================
Received Prepare
Registering precompiled user dll's ...
Registered in 0.000582 seconds.
Begin MonoManager ReloadAssembly
Native extension for WindowsStandalone target not found
Native extension for WebGL target not found
Refreshing native plugins compatible for Editor in 0.17 ms, found 0 plugins.
Preloading 0 native plugins for Editor in 0.00 ms.
Mono: successfully reloaded assembly
- Completed reload, in  0.655 seconds
Platform modules already initialized, skipping
Refreshing native plugins compatible for Editor in 0.17 ms, found 0 plugins.
Preloading 0 native plugins for Editor in 0.00 ms.
Unloading 1115 Unused Serialized files (Serialized files now loaded: 0)
System memory in use before: 60.9 MB.
System memory in use after: 60.9 MB.

Unloading 5 unused Assets to reduce memory usage. Loaded Objects now: 1613.
Total: 1.312300 ms (FindLiveObjects: 0.105700 ms CreateObjectMapping: 0.029400 ms MarkObjects: 1.140300 ms  DeleteObjects: 0.036200 ms)

========================================================================
Received Prepare
Registering precompiled user dll's ...
Registered in 0.000568 seconds.
Begin MonoManager ReloadAssembly
Native extension for WindowsStandalone target not found
Native extension for WebGL target not found
Refreshing native plugins compatible for Editor in 0.17 ms, found 0 plugins.
Preloading 0 native plugins for Editor in 0.00 ms.
Mono: successfully reloaded assembly
- Completed reload, in  0.656 seconds
Platform modules already initialized, skipping
Refreshing native plugins compatible for Editor in 0.20 ms, found 0 plugins.
Preloading 0 native plugins for Editor in 0.00 ms.
Unloading 1115 Unused Serialized files (Serialized files now loaded: 0)
System memory in use before: 60.9 MB.
System memory in use after: 61.0 MB.

Unloading 5 unused Assets to reduce memory usage. Loaded Objects now: 1616.
Total: 1.456200 ms (FindLiveObjects: 0.108100 ms CreateObjectMapping: 0.032300 ms MarkObjects: 1.279300 ms  DeleteObjects: 0.035600 ms)

========================================================================
Received Prepare
Registering precompiled user dll's ...
Registered in 0.000820 seconds.
Begin MonoManager ReloadAssembly
Native extension for WindowsStandalone target not found
Native extension for WebGL target not found
Refreshing native plugins compatible for Editor in 0.17 ms, found 0 plugins.
Preloading 0 native plugins for Editor in 0.00 ms.
Mono: successfully reloaded assembly
- Completed reload, in  0.646 seconds
Platform modules already initialized, skipping
Refreshing native plugins compatible for Editor in 0.21 ms, found 0 plugins.
Preloading 0 native plugins for Editor in 0.00 ms.
Unloading 1115 Unused Serialized files (Serialized files now loaded: 0)
System memory in use before: 60.9 MB.
System memory in use after: 61.0 MB.

Unloading 5 unused Assets to reduce memory usage. Loaded Objects now: 1619.
Total: 1.310400 ms (FindLiveObjects: 0.124700 ms CreateObjectMapping: 0.039500 ms MarkObjects: 1.108700 ms  DeleteObjects: 0.036800 ms)

========================================================================
Received Prepare
Registering precompiled user dll's ...
Registered in 0.000869 seconds.
Begin MonoManager ReloadAssembly
Native extension for WindowsStandalone target not found
Native extension for WebGL target not found
Refreshing native plugins compatible for Editor in 0.17 ms, found 0 plugins.
Preloading 0 native plugins for Editor in 0.00 ms.
Mono: successfully reloaded assembly
- Completed reload, in  0.610 seconds
Platform modules already initialized, skipping
Refreshing native plugins compatible for Editor in 0.18 ms, found 0 plugins.
Preloading 0 native plugins for Editor in 0.00 ms.
Unloading 1115 Unused Serialized files (Serialized files now loaded: 0)
System memory in use before: 60.9 MB.
System memory in use after: 61.0 MB.

Unloading 5 unused Assets to reduce memory usage. Loaded Objects now: 1622.
Total: 1.267400 ms (FindLiveObjects: 0.104400 ms CreateObjectMapping: 0.030400 ms MarkObjects: 1.064100 ms  DeleteObjects: 0.068000 ms)

AssetImportWorkerClient::OnTransportError - code=2 error=End of file
